e:\笔记本资料\仿真平台\pnc\pnc\debug\vc140.pdb
e:\笔记本资料\仿真平台\pnc\pnc\debug\vc140.idb
e:\笔记本资料\仿真平台\pnc\pnc\debug\stdafx.obj
e:\笔记本资料\仿真平台\pnc\pnc\debug\pnc.pch
e:\笔记本资料\仿真平台\pnc\pnc\debug\channel.obj
e:\笔记本资料\仿真平台\pnc\pnc\debug\demapping.obj
e:\笔记本资料\仿真平台\pnc\pnc\debug\modulation.obj
e:\笔记本资料\仿真平台\pnc\pnc\debug\pnc.obj
e:\笔记本资料\仿真平台\pnc\pnc\debug\quantizer.obj
e:\笔记本资料\仿真平台\pnc-kmeans\pnc\debug\pnc.pch
e:\笔记本资料\仿真平台\pnc-kmeans\pnc\debug\vc140.pdb
e:\笔记本资料\仿真平台\pnc-kmeans\pnc\debug\vc140.idb
e:\笔记本资料\仿真平台\pnc-kmeans\pnc\debug\stdafx.obj
e:\笔记本资料\仿真平台\pnc-kmeans\pnc\debug\channel.obj
e:\笔记本资料\仿真平台\pnc-kmeans\pnc\debug\demapping.obj
e:\笔记本资料\仿真平台\pnc-kmeans\pnc\debug\kmean.obj
e:\笔记本资料\仿真平台\pnc-kmeans\pnc\debug\modulation.obj
e:\笔记本资料\仿真平台\pnc-kmeans\pnc\debug\pnc.obj
e:\笔记本资料\仿真平台\pnc-kmeans\pnc\debug\quantizer.obj
e:\笔记本资料\仿真平台\pnc\debug\pnc.ilk
e:\笔记本资料\仿真平台\pnc\debug\pnc.exe
e:\笔记本资料\仿真平台\pnc\debug\pnc.pdb
e:\笔记本资料\仿真平台\pnc-kmeans\debug\pnc.ilk
e:\笔记本资料\仿真平台\pnc-kmeans\debug\pnc.exe
e:\笔记本资料\仿真平台\pnc-kmeans\debug\pnc.pdb
e:\笔记本资料\仿真平台\pnc-kmeans\pnc\debug\pnc.tlog\cl.command.1.tlog
e:\笔记本资料\仿真平台\pnc-kmeans\pnc\debug\pnc.tlog\cl.read.1.tlog
e:\笔记本资料\仿真平台\pnc-kmeans\pnc\debug\pnc.tlog\cl.write.1.tlog
e:\笔记本资料\仿真平台\pnc-kmeans\pnc\debug\pnc.tlog\link.command.1.tlog
e:\笔记本资料\仿真平台\pnc-kmeans\pnc\debug\pnc.tlog\link.read.1.tlog
e:\笔记本资料\仿真平台\pnc-kmeans\pnc\debug\pnc.tlog\link.write.1.tlog
